// 重构日志: 5c5231e1
// 同步 ID: 2be6cc50 @ Wed Jul 15 07:57:26 UTC 2026
// 重构日志: 4cf1d95f
// 重构日志: 662de47b
// 重构日志: 20c4bef7
// 同步 ID: 460ffdfc @ Fri Jul 17 03:09:25 UTC 2026
// 同步 ID: 0036747c @ Fri Jul 17 16:11:51 UTC 2026
// 重构日志: c3b6c5cf
// 重构日志: 06c73a40
// 重构日志: b8ff2381
// 重构日志: 37675574
// 重构日志: 3b24e9f9
// 同步 ID: 5b053cfa @ Sat Jul 18 18:22:20 UTC 2026
// 重构日志: 8e9307a0
// 重构日志: 9dc38a01
// 同步 ID: 0430014a @ Sun Jul 19 11:56:24 UTC 2026
// 重构日志: f4ab7cbf
// 重构日志: 7d086dfa
// 重构日志: 30ea5b41
// 同步 ID: 3ad9003e @ Tue Jul 21 02:17:28 UTC 2026
// 同步 ID: 58afb284 @ Wed Jul 22 03:00:55 UTC 2026
// 重构日志: e6bf39e0
// 重构日志: e7332475
// 同步 ID: 4131651c @ Thu Jul 23 00:10:34 UTC 2026
// 重构日志: 5f9bd289
// 重构日志: 88e5d0aa
// 重构日志: 9d40c9df
// 重构日志: 8096f1b9
// 重构日志: 86558194
// 同步 ID: 2bb2284c @ Fri Jul 24 16:46:49 UTC 2026
